[debug] [2020-04-24T20:29:14.293Z] ----------------------------------------------------------------------
[debug] [2020-04-24T20:29:14.294Z] Command:       /usr/local/bin/node /usr/local/bin/firebase deploy --only functions:search
[debug] [2020-04-24T20:29:14.295Z] CLI Version:   8.0.1
[debug] [2020-04-24T20:29:14.295Z] Platform:      darwin
[debug] [2020-04-24T20:29:14.295Z] Node Version:  v12.16.1
[debug] [2020-04-24T20:29:14.295Z] Time:          Fri Apr 24 2020 23:29:14 GMT+0300 (Eastern European Summer Time)
[debug] [2020-04-24T20:29:14.295Z] ----------------------------------------------------------------------
[debug] [2020-04-24T20:29:14.296Z] 
[debug] [2020-04-24T20:29:14.303Z] > command requires scopes: ["email","openid","https://www.googleapis.com/auth/cloudplatformprojects.readonly","https://www.googleapis.com/auth/firebase","https://www.googleapis.com/auth/cloud-platform"]
[debug] [2020-04-24T20:29:14.304Z] > authorizing via signed-in user
[debug] [2020-04-24T20:29:14.304Z] [iam] checking project autoparts-95d56 for permissions ["cloudfunctions.functions.create","cloudfunctions.functions.delete","cloudfunctions.functions.get","cloudfunctions.functions.list","cloudfunctions.functions.update","cloudfunctions.operations.get","firebase.projects.get"]
[debug] [2020-04-24T20:29:14.306Z] >>> HTTP REQUEST POST https://cloudresourcemanager.googleapis.com/v1/projects/autoparts-95d56:testIamPermissions  
 {"permissions":["cloudfunctions.functions.create","cloudfunctions.functions.delete","cloudfunctions.functions.get","cloudfunctions.functions.list","cloudfunctions.functions.update","cloudfunctions.operations.get","firebase.projects.get"]}
[debug] [2020-04-24T20:29:15.629Z] <<< HTTP RESPONSE 200 {"content-type":"application/json; charset=UTF-8","vary":"X-Origin, Referer, Origin,Accept-Encoding","date":"Fri, 24 Apr 2020 20:29:15 GMT","server":"ESF","cache-control":"private","x-xss-protection":"0","x-frame-options":"SAMEORIGIN","x-content-type-options":"nosniff","server-timing":"gfet4t7; dur=143","alt-svc":"quic=\":443\"; ma=2592000; v=\"46,43\",h3-Q050=\":443\"; ma=2592000,h3-Q049=\":443\"; ma=2592000,h3-Q048=\":443\"; ma=2592000,h3-Q046=\":443\"; ma=2592000,h3-Q043=\":443\"; ma=2592000,h3-T050=\":443\"; ma=2592000","accept-ranges":"none","transfer-encoding":"chunked"}
[info] 
[info] === Deploying to 'autoparts-95d56'...
[info] 
[info] i  deploying functions
[info] Running command: npm --prefix "$RESOURCE_DIR" run lint
[info] ✔  functions: Finished running predeploy script.
[debug] [2020-04-24T20:29:19.822Z] > [functions] package.json contents: {
  "name": "functions",
  "description": "Cloud Functions for Firebase",
  "scripts": {
    "lint": "eslint .",
    "serve": "firebase serve --only functions",
    "shell": "firebase functions:shell",
    "start": "npm run shell",
    "deploy:main": "firebase deploy --only functions:main",
    "deploy:order": "firebase deploy --only functions:order",
    "deploy:search": "firebase deploy --only functions:search",
    "deploy:statistic": "firebase deploy --only functions:statistic",
    "logs": "firebase functions:log"
  },
  "engines": {
    "node": "8"
  },
  "dependencies": {
    "firebase-admin": "^8.0.0",
    "firebase-functions": "^3.1.0",
    "mssql": "^6.2.0"
  },
  "devDependencies": {
    "eslint": "^5.12.0",
    "eslint-plugin-promise": "^4.0.1",
    "firebase-functions-test": "^0.1.6"
  },
  "private": true
}
[info] i  functions: ensuring necessary APIs are enabled...
[debug] [2020-04-24T20:29:19.823Z] >>> HTTP REQUEST GET https://serviceusage.googleapis.com/v1/projects/autoparts-95d56/services/cloudfunctions.googleapis.com  
 
[debug] [2020-04-24T20:29:19.824Z] >>> HTTP REQUEST GET https://serviceusage.googleapis.com/v1/projects/autoparts-95d56/services/runtimeconfig.googleapis.com  
 
[debug] [2020-04-24T20:29:21.121Z] <<< HTTP RESPONSE 200 {"content-type":"application/json; charset=UTF-8","vary":"X-Origin, Referer, Origin,Accept-Encoding","date":"Fri, 24 Apr 2020 20:29:21 GMT","server":"ESF","cache-control":"private","x-xss-protection":"0","x-frame-options":"SAMEORIGIN","x-content-type-options":"nosniff","alt-svc":"quic=\":443\"; ma=2592000; v=\"46,43\",h3-Q050=\":443\"; ma=2592000,h3-Q049=\":443\"; ma=2592000,h3-Q048=\":443\"; ma=2592000,h3-Q046=\":443\"; ma=2592000,h3-Q043=\":443\"; ma=2592000,h3-T050=\":443\"; ma=2592000","accept-ranges":"none","transfer-encoding":"chunked"}
[debug] [2020-04-24T20:29:21.166Z] <<< HTTP RESPONSE 200 {"content-type":"application/json; charset=UTF-8","vary":"X-Origin, Referer, Origin,Accept-Encoding","date":"Fri, 24 Apr 2020 20:29:21 GMT","server":"ESF","cache-control":"private","x-xss-protection":"0","x-frame-options":"SAMEORIGIN","x-content-type-options":"nosniff","alt-svc":"quic=\":443\"; ma=2592000; v=\"46,43\",h3-Q050=\":443\"; ma=2592000,h3-Q049=\":443\"; ma=2592000,h3-Q048=\":443\"; ma=2592000,h3-Q046=\":443\"; ma=2592000,h3-Q043=\":443\"; ma=2592000,h3-T050=\":443\"; ma=2592000","accept-ranges":"none","transfer-encoding":"chunked"}
[info] ✔  functions: all necessary APIs are enabled
[debug] [2020-04-24T20:29:21.167Z] >>> HTTP REQUEST GET https://firebase.googleapis.com/v1beta1/projects/autoparts-95d56/adminSdkConfig  
 
[debug] [2020-04-24T20:29:21.504Z] <<< HTTP RESPONSE 200 {"content-type":"application/json; charset=UTF-8","vary":"X-Origin, Referer, Origin,Accept-Encoding","date":"Fri, 24 Apr 2020 20:29:21 GMT","server":"ESF","cache-control":"private","x-xss-protection":"0","x-frame-options":"SAMEORIGIN","x-content-type-options":"nosniff","alt-svc":"quic=\":443\"; ma=2592000; v=\"46,43\",h3-Q050=\":443\"; ma=2592000,h3-Q049=\":443\"; ma=2592000,h3-Q048=\":443\"; ma=2592000,h3-Q046=\":443\"; ma=2592000,h3-Q043=\":443\"; ma=2592000,h3-T050=\":443\"; ma=2592000","accept-ranges":"none","transfer-encoding":"chunked"}
[info] i  functions: preparing functions directory for uploading...
[debug] [2020-04-24T20:29:21.506Z] >>> HTTP REQUEST GET https://runtimeconfig.googleapis.com/v1beta1/projects/autoparts-95d56/configs  
 
[debug] [2020-04-24T20:29:22.690Z] <<< HTTP RESPONSE 200 {"content-type":"application/json; charset=UTF-8","vary":"X-Origin, Referer, Origin,Accept-Encoding","date":"Fri, 24 Apr 2020 20:29:22 GMT","server":"ESF","cache-control":"private","x-xss-protection":"0","x-frame-options":"SAMEORIGIN","x-content-type-options":"nosniff","alt-svc":"quic=\":443\"; ma=2592000; v=\"46,43\",h3-Q050=\":443\"; ma=2592000,h3-Q049=\":443\"; ma=2592000,h3-Q048=\":443\"; ma=2592000,h3-Q046=\":443\"; ma=2592000,h3-Q043=\":443\"; ma=2592000,h3-T050=\":443\"; ma=2592000","accept-ranges":"none","transfer-encoding":"chunked"}
[info] i  functions: packaged functions (149.71 KB) for uploading
[debug] [2020-04-24T20:29:23.216Z] >>> HTTP REQUEST POST https://cloudfunctions.googleapis.com/v1/projects/autoparts-95d56/locations/us-central1/functions:generateUploadUrl  
 
[debug] [2020-04-24T20:29:24.593Z] <<< HTTP RESPONSE 200 {"content-type":"application/json; charset=UTF-8","vary":"X-Origin, Referer, Origin,Accept-Encoding","date":"Fri, 24 Apr 2020 20:29:24 GMT","server":"ESF","cache-control":"private","x-xss-protection":"0","x-frame-options":"SAMEORIGIN","x-content-type-options":"nosniff","alt-svc":"quic=\":443\"; ma=2592000; v=\"46,43\",h3-Q050=\":443\"; ma=2592000,h3-Q049=\":443\"; ma=2592000,h3-Q048=\":443\"; ma=2592000,h3-Q046=\":443\"; ma=2592000,h3-Q043=\":443\"; ma=2592000,h3-T050=\":443\"; ma=2592000","accept-ranges":"none","transfer-encoding":"chunked"}
[debug] [2020-04-24T20:29:24.593Z] >>> HTTP REQUEST PUT https://storage.googleapis.com/gcf-upload-us-central1-3b883fbe-d7dd-4526-8581-ffc905e8854a/0a6aa2b3-d26a-452d-bb71-121066bc7443.zip?GoogleAccessId=service-665341781625@gcf-admin-robot.iam.gserviceaccount.com&Expires=1587761964&Signature=Wjtvb9n26Z6gNQCeW06v%2BbAj5hEy9Rf4NNhxUg7swR7CkbXN1mIlwRlJWzas9FSTRKbSOIDXRlII0BtubQMLX5VJOUjsGlhZcekMFOdpeyMhnHoMsHKbKbS1Bll%2FLHlFgrhwP5lI6awaBOISbHdpSLKayMCS9najtyOdaFtWyH7MaWk7%2FsOKqcXdGX%2FOOiEhx1j0oiJWlKtwAm37tSCjsqM5xR8hxv15h9eVXB8Y2en%2BCSwxzh7pxGU0cDwCQHDczx8sAe7%2Fdyq5ejOb1ybZzNCRvvUFqRZ%2FINLprpKbWL97ZEMu7XXD%2BqGOHmtKcs8qjbG6vko4OlYPuQqGmBM7iA%3D%3D  
 <request body omitted>
[warn] ⚠  functions: Upload Error: Server Error. getaddrinfo ENOTFOUND storage.googleapis.com
[debug] [2020-04-24T20:29:25.603Z] Error: getaddrinfo ENOTFOUND storage.googleapis.com
    at GetAddrInfoReqWrap.onlookup [as oncomplete] (dns.js:64:26)
[error] 
[error] Error: Server Error. getaddrinfo ENOTFOUND storage.googleapis.com
[debug] [2020-04-24T20:29:42.489Z] ----------------------------------------------------------------------
[debug] [2020-04-24T20:29:42.491Z] Command:       /usr/local/bin/node /usr/local/bin/firebase deploy --only functions:search
[debug] [2020-04-24T20:29:42.491Z] CLI Version:   8.0.1
[debug] [2020-04-24T20:29:42.491Z] Platform:      darwin
[debug] [2020-04-24T20:29:42.491Z] Node Version:  v12.16.1
[debug] [2020-04-24T20:29:42.492Z] Time:          Fri Apr 24 2020 23:29:42 GMT+0300 (Eastern European Summer Time)
[debug] [2020-04-24T20:29:42.492Z] ----------------------------------------------------------------------
[debug] [2020-04-24T20:29:42.492Z] 
[debug] [2020-04-24T20:29:42.500Z] > command requires scopes: ["email","openid","https://www.googleapis.com/auth/cloudplatformprojects.readonly","https://www.googleapis.com/auth/firebase","https://www.googleapis.com/auth/cloud-platform"]
[debug] [2020-04-24T20:29:42.500Z] > authorizing via signed-in user
[debug] [2020-04-24T20:29:42.500Z] [iam] checking project autoparts-95d56 for permissions ["cloudfunctions.functions.create","cloudfunctions.functions.delete","cloudfunctions.functions.get","cloudfunctions.functions.list","cloudfunctions.functions.update","cloudfunctions.operations.get","firebase.projects.get"]
[debug] [2020-04-24T20:29:42.503Z] >>> HTTP REQUEST POST https://cloudresourcemanager.googleapis.com/v1/projects/autoparts-95d56:testIamPermissions  
 {"permissions":["cloudfunctions.functions.create","cloudfunctions.functions.delete","cloudfunctions.functions.get","cloudfunctions.functions.list","cloudfunctions.functions.update","cloudfunctions.operations.get","firebase.projects.get"]}
[debug] [2020-04-24T20:29:43.451Z] <<< HTTP RESPONSE 200 {"content-type":"application/json; charset=UTF-8","vary":"X-Origin, Referer, Origin,Accept-Encoding","date":"Fri, 24 Apr 2020 20:29:43 GMT","server":"ESF","cache-control":"private","x-xss-protection":"0","x-frame-options":"SAMEORIGIN","x-content-type-options":"nosniff","server-timing":"gfet4t7; dur=818","alt-svc":"quic=\":443\"; ma=2592000; v=\"46,43\",h3-Q050=\":443\"; ma=2592000,h3-Q049=\":443\"; ma=2592000,h3-Q048=\":443\"; ma=2592000,h3-Q046=\":443\"; ma=2592000,h3-Q043=\":443\"; ma=2592000,h3-T050=\":443\"; ma=2592000","accept-ranges":"none","transfer-encoding":"chunked"}
[info] 
[info] === Deploying to 'autoparts-95d56'...
[info] 
[info] i  deploying functions
[info] Running command: npm --prefix "$RESOURCE_DIR" run lint
[info] ✔  functions: Finished running predeploy script.
[debug] [2020-04-24T20:29:46.059Z] > [functions] package.json contents: {
  "name": "functions",
  "description": "Cloud Functions for Firebase",
  "scripts": {
    "lint": "eslint .",
    "serve": "firebase serve --only functions",
    "shell": "firebase functions:shell",
    "start": "npm run shell",
    "deploy:main": "firebase deploy --only functions:main",
    "deploy:order": "firebase deploy --only functions:order",
    "deploy:search": "firebase deploy --only functions:search",
    "deploy:statistic": "firebase deploy --only functions:statistic",
    "logs": "firebase functions:log"
  },
  "engines": {
    "node": "8"
  },
  "dependencies": {
    "firebase-admin": "^8.0.0",
    "firebase-functions": "^3.1.0",
    "mssql": "^6.2.0"
  },
  "devDependencies": {
    "eslint": "^5.12.0",
    "eslint-plugin-promise": "^4.0.1",
    "firebase-functions-test": "^0.1.6"
  },
  "private": true
}
[info] i  functions: ensuring necessary APIs are enabled...
[debug] [2020-04-24T20:29:46.060Z] >>> HTTP REQUEST GET https://serviceusage.googleapis.com/v1/projects/autoparts-95d56/services/cloudfunctions.googleapis.com  
 
[debug] [2020-04-24T20:29:46.060Z] >>> HTTP REQUEST GET https://serviceusage.googleapis.com/v1/projects/autoparts-95d56/services/runtimeconfig.googleapis.com  
 
[debug] [2020-04-24T20:29:47.167Z] <<< HTTP RESPONSE 200 {"content-type":"application/json; charset=UTF-8","vary":"X-Origin, Referer, Origin,Accept-Encoding","date":"Fri, 24 Apr 2020 20:29:47 GMT","server":"ESF","cache-control":"private","x-xss-protection":"0","x-frame-options":"SAMEORIGIN","x-content-type-options":"nosniff","alt-svc":"quic=\":443\"; ma=2592000; v=\"46,43\",h3-Q050=\":443\"; ma=2592000,h3-Q049=\":443\"; ma=2592000,h3-Q048=\":443\"; ma=2592000,h3-Q046=\":443\"; ma=2592000,h3-Q043=\":443\"; ma=2592000,h3-T050=\":443\"; ma=2592000","accept-ranges":"none","transfer-encoding":"chunked"}
[info] ✔  functions: all necessary APIs are enabled
[debug] [2020-04-24T20:29:48.110Z] <<< HTTP RESPONSE 200 {"content-type":"application/json; charset=UTF-8","vary":"X-Origin, Referer, Origin,Accept-Encoding","date":"Fri, 24 Apr 2020 20:29:48 GMT","server":"ESF","cache-control":"private","x-xss-protection":"0","x-frame-options":"SAMEORIGIN","x-content-type-options":"nosniff","alt-svc":"quic=\":443\"; ma=2592000; v=\"46,43\",h3-Q050=\":443\"; ma=2592000,h3-Q049=\":443\"; ma=2592000,h3-Q048=\":443\"; ma=2592000,h3-Q046=\":443\"; ma=2592000,h3-Q043=\":443\"; ma=2592000,h3-T050=\":443\"; ma=2592000","accept-ranges":"none","transfer-encoding":"chunked"}
[debug] [2020-04-24T20:29:48.111Z] >>> HTTP REQUEST GET https://firebase.googleapis.com/v1beta1/projects/autoparts-95d56/adminSdkConfig  
 
[debug] [2020-04-24T20:29:48.377Z] <<< HTTP RESPONSE 200 {"content-type":"application/json; charset=UTF-8","vary":"X-Origin, Referer, Origin,Accept-Encoding","date":"Fri, 24 Apr 2020 20:29:48 GMT","server":"ESF","cache-control":"private","x-xss-protection":"0","x-frame-options":"SAMEORIGIN","x-content-type-options":"nosniff","alt-svc":"quic=\":443\"; ma=2592000; v=\"46,43\",h3-Q050=\":443\"; ma=2592000,h3-Q049=\":443\"; ma=2592000,h3-Q048=\":443\"; ma=2592000,h3-Q046=\":443\"; ma=2592000,h3-Q043=\":443\"; ma=2592000,h3-T050=\":443\"; ma=2592000","accept-ranges":"none","transfer-encoding":"chunked"}
[info] i  functions: preparing functions directory for uploading...
[debug] [2020-04-24T20:29:48.379Z] >>> HTTP REQUEST GET https://runtimeconfig.googleapis.com/v1beta1/projects/autoparts-95d56/configs  
 
[debug] [2020-04-24T20:29:49.514Z] <<< HTTP RESPONSE 200 {"content-type":"application/json; charset=UTF-8","vary":"X-Origin, Referer, Origin,Accept-Encoding","date":"Fri, 24 Apr 2020 20:29:49 GMT","server":"ESF","cache-control":"private","x-xss-protection":"0","x-frame-options":"SAMEORIGIN","x-content-type-options":"nosniff","alt-svc":"quic=\":443\"; ma=2592000; v=\"46,43\",h3-Q050=\":443\"; ma=2592000,h3-Q049=\":443\"; ma=2592000,h3-Q048=\":443\"; ma=2592000,h3-Q046=\":443\"; ma=2592000,h3-Q043=\":443\"; ma=2592000,h3-T050=\":443\"; ma=2592000","accept-ranges":"none","transfer-encoding":"chunked"}
[info] i  functions: packaged functions (149.71 KB) for uploading
[debug] [2020-04-24T20:29:50.014Z] >>> HTTP REQUEST POST https://cloudfunctions.googleapis.com/v1/projects/autoparts-95d56/locations/us-central1/functions:generateUploadUrl  
 
[debug] [2020-04-24T20:29:50.751Z] <<< HTTP RESPONSE 200 {"content-type":"application/json; charset=UTF-8","vary":"X-Origin, Referer, Origin,Accept-Encoding","date":"Fri, 24 Apr 2020 20:29:50 GMT","server":"ESF","cache-control":"private","x-xss-protection":"0","x-frame-options":"SAMEORIGIN","x-content-type-options":"nosniff","alt-svc":"quic=\":443\"; ma=2592000; v=\"46,43\",h3-Q050=\":443\"; ma=2592000,h3-Q049=\":443\"; ma=2592000,h3-Q048=\":443\"; ma=2592000,h3-Q046=\":443\"; ma=2592000,h3-Q043=\":443\"; ma=2592000,h3-T050=\":443\"; ma=2592000","accept-ranges":"none","transfer-encoding":"chunked"}
[debug] [2020-04-24T20:29:50.751Z] >>> HTTP REQUEST PUT https://storage.googleapis.com/gcf-upload-us-central1-3b883fbe-d7dd-4526-8581-ffc905e8854a/fc3394b0-9952-43f5-9140-9664726acaac.zip?GoogleAccessId=service-665341781625@gcf-admin-robot.iam.gserviceaccount.com&Expires=1587761990&Signature=jhHUSmb%2FZxluGaHOWDYBUy0HO%2F1qwiMN%2FhH7bzXNNngCViy3poVb267WTBIORjVKfWZJFZOcsUB893hDi3pZJXZP%2BxSo2cwkV6C8k0IwJK4UlpNTtXSA0LOywhSHgKb228hjFVQsYyATYLgT1wSL6NKDssFo93SRFZ2TB9MzxVbCmiQI36%2BrAlLeJqEo1cj0B24Afht6%2FOEAhpXcfv0V1KXXcmh75PJHmE4whgd7nLPOF6abts5FkqGupudHos99kuizaBj5i6JFSPsNg2kF%2BLiOdMOimFlN%2BeyZYKXcP5nInkNllTrBmleen%2BLDyiCVt%2BP5scnU%2B%2Fry8Gz%2BjaQ2Hg%3D%3D  
 <request body omitted>
[warn] ⚠  functions: Upload Error: Server Error. getaddrinfo ENOTFOUND storage.googleapis.com
[debug] [2020-04-24T20:29:50.755Z] Error: getaddrinfo ENOTFOUND storage.googleapis.com
    at GetAddrInfoReqWrap.onlookup [as oncomplete] (dns.js:64:26)
[error] 
[error] Error: Server Error. getaddrinfo ENOTFOUND storage.googleapis.com
[debug] [2020-04-24T20:30:14.848Z] ----------------------------------------------------------------------
[debug] [2020-04-24T20:30:14.850Z] Command:       /usr/local/bin/node /usr/local/bin/firebase deploy --only functions:search
[debug] [2020-04-24T20:30:14.850Z] CLI Version:   8.0.1
[debug] [2020-04-24T20:30:14.850Z] Platform:      darwin
[debug] [2020-04-24T20:30:14.850Z] Node Version:  v12.16.1
[debug] [2020-04-24T20:30:14.851Z] Time:          Fri Apr 24 2020 23:30:14 GMT+0300 (Eastern European Summer Time)
[debug] [2020-04-24T20:30:14.851Z] ----------------------------------------------------------------------
[debug] [2020-04-24T20:30:14.851Z] 
[debug] [2020-04-24T20:30:14.857Z] > command requires scopes: ["email","openid","https://www.googleapis.com/auth/cloudplatformprojects.readonly","https://www.googleapis.com/auth/firebase","https://www.googleapis.com/auth/cloud-platform"]
[debug] [2020-04-24T20:30:14.857Z] > authorizing via signed-in user
[debug] [2020-04-24T20:30:14.858Z] [iam] checking project autoparts-95d56 for permissions ["cloudfunctions.functions.create","cloudfunctions.functions.delete","cloudfunctions.functions.get","cloudfunctions.functions.list","cloudfunctions.functions.update","cloudfunctions.operations.get","firebase.projects.get"]
[debug] [2020-04-24T20:30:14.860Z] >>> HTTP REQUEST POST https://cloudresourcemanager.googleapis.com/v1/projects/autoparts-95d56:testIamPermissions  
 {"permissions":["cloudfunctions.functions.create","cloudfunctions.functions.delete","cloudfunctions.functions.get","cloudfunctions.functions.list","cloudfunctions.functions.update","cloudfunctions.operations.get","firebase.projects.get"]}
[debug] [2020-04-24T20:30:15.819Z] <<< HTTP RESPONSE 200 {"content-type":"application/json; charset=UTF-8","vary":"X-Origin, Referer, Origin,Accept-Encoding","date":"Fri, 24 Apr 2020 20:30:15 GMT","server":"ESF","cache-control":"private","x-xss-protection":"0","x-frame-options":"SAMEORIGIN","x-content-type-options":"nosniff","server-timing":"gfet4t7; dur=820","alt-svc":"quic=\":443\"; ma=2592000; v=\"46,43\",h3-Q050=\":443\"; ma=2592000,h3-Q049=\":443\"; ma=2592000,h3-Q048=\":443\"; ma=2592000,h3-Q046=\":443\"; ma=2592000,h3-Q043=\":443\"; ma=2592000,h3-T050=\":443\"; ma=2592000","accept-ranges":"none","transfer-encoding":"chunked"}
[info] 
[info] === Deploying to 'autoparts-95d56'...
[info] 
[info] i  deploying functions
[info] Running command: npm --prefix "$RESOURCE_DIR" run lint
[info] ✔  functions: Finished running predeploy script.
[debug] [2020-04-24T20:30:18.302Z] > [functions] package.json contents: {
  "name": "functions",
  "description": "Cloud Functions for Firebase",
  "scripts": {
    "lint": "eslint .",
    "serve": "firebase serve --only functions",
    "shell": "firebase functions:shell",
    "start": "npm run shell",
    "deploy:main": "firebase deploy --only functions:main",
    "deploy:order": "firebase deploy --only functions:order",
    "deploy:search": "firebase deploy --only functions:search",
    "deploy:statistic": "firebase deploy --only functions:statistic",
    "logs": "firebase functions:log"
  },
  "engines": {
    "node": "8"
  },
  "dependencies": {
    "firebase-admin": "^8.0.0",
    "firebase-functions": "^3.1.0",
    "mssql": "^6.2.0"
  },
  "devDependencies": {
    "eslint": "^5.12.0",
    "eslint-plugin-promise": "^4.0.1",
    "firebase-functions-test": "^0.1.6"
  },
  "private": true
}
[info] i  functions: ensuring necessary APIs are enabled...
[debug] [2020-04-24T20:30:18.303Z] >>> HTTP REQUEST GET https://serviceusage.googleapis.com/v1/projects/autoparts-95d56/services/cloudfunctions.googleapis.com  
 
[debug] [2020-04-24T20:30:18.304Z] >>> HTTP REQUEST GET https://serviceusage.googleapis.com/v1/projects/autoparts-95d56/services/runtimeconfig.googleapis.com  
 
[debug] [2020-04-24T20:30:19.334Z] <<< HTTP RESPONSE 200 {"content-type":"application/json; charset=UTF-8","vary":"X-Origin, Referer, Origin,Accept-Encoding","date":"Fri, 24 Apr 2020 20:30:19 GMT","server":"ESF","cache-control":"private","x-xss-protection":"0","x-frame-options":"SAMEORIGIN","x-content-type-options":"nosniff","alt-svc":"quic=\":443\"; ma=2592000; v=\"46,43\",h3-Q050=\":443\"; ma=2592000,h3-Q049=\":443\"; ma=2592000,h3-Q048=\":443\"; ma=2592000,h3-Q046=\":443\"; ma=2592000,h3-Q043=\":443\"; ma=2592000,h3-T050=\":443\"; ma=2592000","accept-ranges":"none","transfer-encoding":"chunked"}
[debug] [2020-04-24T20:30:19.402Z] <<< HTTP RESPONSE 200 {"content-type":"application/json; charset=UTF-8","vary":"X-Origin, Referer, Origin,Accept-Encoding","date":"Fri, 24 Apr 2020 20:30:19 GMT","server":"ESF","cache-control":"private","x-xss-protection":"0","x-frame-options":"SAMEORIGIN","x-content-type-options":"nosniff","alt-svc":"quic=\":443\"; ma=2592000; v=\"46,43\",h3-Q050=\":443\"; ma=2592000,h3-Q049=\":443\"; ma=2592000,h3-Q048=\":443\"; ma=2592000,h3-Q046=\":443\"; ma=2592000,h3-Q043=\":443\"; ma=2592000,h3-T050=\":443\"; ma=2592000","accept-ranges":"none","transfer-encoding":"chunked"}
[info] ✔  functions: all necessary APIs are enabled
[debug] [2020-04-24T20:30:19.403Z] >>> HTTP REQUEST GET https://firebase.googleapis.com/v1beta1/projects/autoparts-95d56/adminSdkConfig  
 
[debug] [2020-04-24T20:30:19.708Z] <<< HTTP RESPONSE 200 {"content-type":"application/json; charset=UTF-8","vary":"X-Origin, Referer, Origin,Accept-Encoding","date":"Fri, 24 Apr 2020 20:30:19 GMT","server":"ESF","cache-control":"private","x-xss-protection":"0","x-frame-options":"SAMEORIGIN","x-content-type-options":"nosniff","alt-svc":"quic=\":443\"; ma=2592000; v=\"46,43\",h3-Q050=\":443\"; ma=2592000,h3-Q049=\":443\"; ma=2592000,h3-Q048=\":443\"; ma=2592000,h3-Q046=\":443\"; ma=2592000,h3-Q043=\":443\"; ma=2592000,h3-T050=\":443\"; ma=2592000","accept-ranges":"none","transfer-encoding":"chunked"}
[info] i  functions: preparing functions directory for uploading...
[debug] [2020-04-24T20:30:19.710Z] >>> HTTP REQUEST GET https://runtimeconfig.googleapis.com/v1beta1/projects/autoparts-95d56/configs  
 
[debug] [2020-04-24T20:30:20.766Z] <<< HTTP RESPONSE 200 {"content-type":"application/json; charset=UTF-8","vary":"X-Origin, Referer, Origin,Accept-Encoding","date":"Fri, 24 Apr 2020 20:30:20 GMT","server":"ESF","cache-control":"private","x-xss-protection":"0","x-frame-options":"SAMEORIGIN","x-content-type-options":"nosniff","alt-svc":"quic=\":443\"; ma=2592000; v=\"46,43\",h3-Q050=\":443\"; ma=2592000,h3-Q049=\":443\"; ma=2592000,h3-Q048=\":443\"; ma=2592000,h3-Q046=\":443\"; ma=2592000,h3-Q043=\":443\"; ma=2592000,h3-T050=\":443\"; ma=2592000","accept-ranges":"none","transfer-encoding":"chunked"}
[info] i  functions: packaged functions (149.71 KB) for uploading
[debug] [2020-04-24T20:30:21.254Z] >>> HTTP REQUEST POST https://cloudfunctions.googleapis.com/v1/projects/autoparts-95d56/locations/us-central1/functions:generateUploadUrl  
 
[debug] [2020-04-24T20:30:22.128Z] <<< HTTP RESPONSE 200 {"content-type":"application/json; charset=UTF-8","vary":"X-Origin, Referer, Origin,Accept-Encoding","date":"Fri, 24 Apr 2020 20:30:22 GMT","server":"ESF","cache-control":"private","x-xss-protection":"0","x-frame-options":"SAMEORIGIN","x-content-type-options":"nosniff","alt-svc":"quic=\":443\"; ma=2592000; v=\"46,43\",h3-Q050=\":443\"; ma=2592000,h3-Q049=\":443\"; ma=2592000,h3-Q048=\":443\"; ma=2592000,h3-Q046=\":443\"; ma=2592000,h3-Q043=\":443\"; ma=2592000,h3-T050=\":443\"; ma=2592000","accept-ranges":"none","transfer-encoding":"chunked"}
[debug] [2020-04-24T20:30:22.128Z] >>> HTTP REQUEST PUT https://storage.googleapis.com/gcf-upload-us-central1-3b883fbe-d7dd-4526-8581-ffc905e8854a/8d47dce3-ab16-4189-be04-855d8c99394f.zip?GoogleAccessId=service-665341781625@gcf-admin-robot.iam.gserviceaccount.com&Expires=1587762021&Signature=X3cuvqjlWipX0Vpu%2B32IWe3JUeUn9TBZMyrkSQ6fmbOzqu0MGIdkN3iXce96XW0tp4SfqTaZlsusIv9rNpjiz%2BGhKJAKmaLQBLnITGQHsWn8OJ3g0V8ypIGXi2CVQtw44j2yg%2FY%2BLBXZGViZzDXoCDO7VhaEXDCsu6VkAaRshdlUhYXIXMBVooOMjahQe3s7LmYGqizoAaDb635S86FKdflU6%2F1oO5bUjUsUuORXPoVA9n9CWYkCf9WN0bvgrtR2fTXfRRv5B7YnfI2kuR8SHFB%2BFq3NyOsd13MJCS70invsVAiBLsvjB10MpIzcXVvY0XLxmLSXyotuL8RcxPATQQ%3D%3D  
 <request body omitted>
[warn] ⚠  functions: Upload Error: Server Error. getaddrinfo ENOTFOUND storage.googleapis.com
[debug] [2020-04-24T20:30:22.132Z] Error: getaddrinfo ENOTFOUND storage.googleapis.com
    at GetAddrInfoReqWrap.onlookup [as oncomplete] (dns.js:64:26)
[error] 
[error] Error: Server Error. getaddrinfo ENOTFOUND storage.googleapis.com
